<?xml version="1.0" encoding="UTF-8"?>
<testng-results skipped="0" failed="0" ignored="0" total="1" passed="1">
  <reporter-output>
  </reporter-output>
  <suite name="Default suite" duration-ms="2741" started-at="2020-07-23T10:04:44Z" finished-at="2020-07-23T10:04:47Z">
    <groups>
    </groups>
    <test name="Default test" duration-ms="2741" started-at="2020-07-23T10:04:44Z" finished-at="2020-07-23T10:04:47Z">
      <class name="Test_1">
        <test-method status="PASS" signature="GetAPI()[pri:0, instance:Test_1@6767c1fc]" name="GetAPI" duration-ms="2717" started-at="2020-07-23T10:04:44Z" finished-at="2020-07-23T10:04:47Z">
          <reporter-output>
          </reporter-output>
        </test-method> <!-- GetAPI -->
      </class> <!-- Test_1 -->
    </test> <!-- Default test -->
  </suite> <!-- Default suite -->
</testng-results>
