<?xml version="1.0" encoding="UTF-8"?>
<testng-results skipped="0" failed="0" ignored="0" total="1" passed="1">
  <reporter-output>
  </reporter-output>
  <suite name="Default suite" duration-ms="6528" started-at="2020-07-22T10:39:37Z" finished-at="2020-07-22T10:39:43Z">
    <groups>
    </groups>
    <test name="Default test" duration-ms="6528" started-at="2020-07-22T10:39:37Z" finished-at="2020-07-22T10:39:43Z">
      <class name="Test_1">
        <test-method status="PASS" signature="Run()[pri:0, instance:Test_1@55f3ddb1]" name="Run" duration-ms="6487" started-at="2020-07-22T10:39:37Z" finished-at="2020-07-22T10:39:43Z">
          <reporter-output>
          </reporter-output>
        </test-method> <!-- Run -->
      </class> <!-- Test_1 -->
    </test> <!-- Default test -->
  </suite> <!-- Default suite -->
</testng-results>
